DELETED FILE:2022/12/23 13:31:26 \temp\gomisc\misc\android\go_android_exec.go
DELETED FILE:2022/12/23 13:31:26 \temp\gomisc\misc\cgo\errors\argposition_test.go
DELETED FILE:2022/12/23 13:31:26 \temp\gomisc\misc\cgo\errors\badsym_test.go
DELETED FILE:2022/12/23 13:31:26 \temp\gomisc\misc\cgo\errors\errors_test.go
DELETED FILE:2022/12/23 13:31:26 \temp\gomisc\misc\cgo\errors\ptr_test.go
DELETED FILE:2022/12/23 13:31:26 \temp\gomisc\misc\cgo\errors\testdata\err1.go
DELETED FILE:2022/12/23 13:31:26 \temp\gomisc\misc\cgo\errors\testdata\err2.go
DELETED FILE:2022/12/23 13:31:26 \temp\gomisc\misc\cgo\errors\testdata\err4.go
DELETED FILE:2022/12/23 13:31:26 \temp\gomisc\misc\cgo\errors\testdata\issue11097a.go
DELETED FILE:2022/12/23 13:31:26 \temp\gomisc\misc\cgo\errors\testdata\issue11097b.go
DELETED FILE:2022/12/23 13:31:26 \temp\gomisc\misc\cgo\errors\testdata\issue14669.go
DELETED FILE:2022/12/23 13:31:26 \temp\gomisc\misc\cgo\errors\testdata\issue18452.go
DELETED FILE:2022/12/23 13:31:26 \temp\gomisc\misc\cgo\errors\testdata\issue18889.go
DELETED FILE:2022/12/23 13:31:26 \temp\gomisc\misc\cgo\errors\testdata\issue28069.go
DELETED FILE:2022/12/23 13:31:26 \temp\gomisc\misc\cgo\errors\testdata\issue28721.go
DELETED FILE:2022/12/23 13:31:26 \temp\gomisc\misc\cgo\errors\testdata\issue33061.go
DELETED FILE:2022/12/23 13:31:26 \temp\gomisc\misc\cgo\errors\testdata\issue42580.go
DELETED FILE:2022/12/23 13:31:26 \temp\gomisc\misc\cgo\errors\testdata\long_double_size.go
DELETED FILE:2022/12/23 13:31:26 \temp\gomisc\misc\cgo\errors\testdata\malloc.go
DELETED FILE:2022/12/23 13:31:26 \temp\gomisc\misc\cgo\fortran\fortran.go
DELETED FILE:2022/12/23 13:31:26 \temp\gomisc\misc\cgo\fortran\fortran_test.go
DELETED FILE:2022/12/23 13:31:26 \temp\gomisc\misc\cgo\gmp\fib.go
DELETED FILE:2022/12/23 13:31:26 \temp\gomisc\misc\cgo\gmp\gmp.go
DELETED FILE:2022/12/23 13:31:26 \temp\gomisc\misc\cgo\gmp\pi.go
DELETED FILE:2022/12/23 13:31:26 \temp\gomisc\misc\cgo\life\life_test.go
DELETED FILE:2022/12/23 13:31:26 \temp\gomisc\misc\cgo\life\overlaydir_test.go
DELETED FILE:2022/12/23 13:31:26 \temp\gomisc\misc\cgo\life\testdata\life.go
DELETED FILE:2022/12/23 13:31:26 \temp\gomisc\misc\cgo\life\testdata\main.go
DELETED FILE:2022/12/23 13:31:26 \temp\gomisc\misc\cgo\nocgo\nocgo.go
DELETED FILE:2022/12/23 13:31:26 \temp\gomisc\misc\cgo\nocgo\nocgo_test.go
DELETED FILE:2022/12/23 13:31:26 \temp\gomisc\misc\cgo\stdio\overlaydir_test.go
DELETED FILE:2022/12/23 13:31:26 \temp\gomisc\misc\cgo\stdio\stdio_test.go
DELETED FILE:2022/12/23 13:31:26 \temp\gomisc\misc\cgo\stdio\testdata\chain.go
DELETED FILE:2022/12/23 13:31:26 \temp\gomisc\misc\cgo\stdio\testdata\fib.go
DELETED FILE:2022/12/23 13:31:26 \temp\gomisc\misc\cgo\stdio\testdata\hello.go
DELETED FILE:2022/12/23 13:31:26 \temp\gomisc\misc\cgo\stdio\testdata\stdio\file.go
DELETED FILE:2022/12/23 13:31:26 \temp\gomisc\misc\cgo\stdio\testdata\stdio\stdio.go
DELETED FILE:2022/12/23 13:31:26 \temp\gomisc\misc\cgo\test\backdoor.go
DELETED FILE:2022/12/23 13:31:26 \temp\gomisc\misc\cgo\test\buildid_linux.go
DELETED FILE:2022/12/23 13:31:26 \temp\gomisc\misc\cgo\test\callback.go
DELETED FILE:2022/12/23 13:31:26 \temp\gomisc\misc\cgo\test\cgo_linux_test.go
DELETED FILE:2022/12/23 13:31:26 \temp\gomisc\misc\cgo\test\cgo_stubs_android_test.go
DELETED FILE:2022/12/23 13:31:26 \temp\gomisc\misc\cgo\test\cgo_test.go
DELETED FILE:2022/12/23 13:31:26 \temp\gomisc\misc\cgo\test\cgo_thread_lock.go
DELETED FILE:2022/12/23 13:31:26 \temp\gomisc\misc\cgo\test\cgo_unix_test.go
DELETED FILE:2022/12/23 13:31:26 \temp\gomisc\misc\cgo\test\issue1435.go
DELETED FILE:2022/12/23 13:31:26 \temp\gomisc\misc\cgo\test\issue18146.go
DELETED FILE:2022/12/23 13:31:26 \temp\gomisc\misc\cgo\test\issue21897.go
DELETED FILE:2022/12/23 13:31:26 \temp\gomisc\misc\cgo\test\issue21897b.go
DELETED FILE:2022/12/23 13:31:26 \temp\gomisc\misc\cgo\test\issue4029.go
DELETED FILE:2022/12/23 13:31:26 \temp\gomisc\misc\cgo\test\issue4029w.go
DELETED FILE:2022/12/23 13:31:26 \temp\gomisc\misc\cgo\test\issue42495.go
DELETED FILE:2022/12/23 13:31:26 \temp\gomisc\misc\cgo\test\issue6997_linux.go
DELETED FILE:2022/12/23 13:31:26 \temp\gomisc\misc\cgo\test\issue7234_test.go
DELETED FILE:2022/12/23 13:31:26 \temp\gomisc\misc\cgo\test\issue8148.go
DELETED FILE:2022/12/23 13:31:26 \temp\gomisc\misc\cgo\test\issue8517.go
DELETED FILE:2022/12/23 13:31:26 \temp\gomisc\misc\cgo\test\issue8517_windows.go
DELETED FILE:2022/12/23 13:31:26 \temp\gomisc\misc\cgo\test\issue8694.go
DELETED FILE:2022/12/23 13:31:26 \temp\gomisc\misc\cgo\test\overlaydir_test.go
DELETED FILE:2022/12/23 13:31:26 \temp\gomisc\misc\cgo\test\pkg_test.go
DELETED FILE:2022/12/23 13:31:26 \temp\gomisc\misc\cgo\test\setgid_linux.go
DELETED FILE:2022/12/23 13:31:26 \temp\gomisc\misc\cgo\test\sigaltstack.go
DELETED FILE:2022/12/23 13:31:26 \temp\gomisc\misc\cgo\test\sigprocmask.go
DELETED FILE:2022/12/23 13:31:26 \temp\gomisc\misc\cgo\test\test.go
DELETED FILE:2022/12/23 13:31:26 \temp\gomisc\misc\cgo\test\test_unix.go
DELETED FILE:2022/12/23 13:31:26 \temp\gomisc\misc\cgo\test\test_windows.go
DELETED FILE:2022/12/23 13:31:26 \temp\gomisc\misc\cgo\test\testdata\cgo_linux_test.go
DELETED FILE:2022/12/23 13:31:26 \temp\gomisc\misc\cgo\test\testdata\cgo_test.go
DELETED FILE:2022/12/23 13:31:26 \temp\gomisc\misc\cgo\test\testdata\gcc68255\a.go
DELETED FILE:2022/12/23 13:31:26 \temp\gomisc\misc\cgo\test\testdata\gcc68255.go
DELETED FILE:2022/12/23 13:31:26 \temp\gomisc\misc\cgo\test\testdata\issue20266.go
DELETED FILE:2022/12/23 13:31:26 \temp\gomisc\misc\cgo\test\testdata\issue23555.go
DELETED FILE:2022/12/23 13:31:26 \temp\gomisc\misc\cgo\test\testdata\issue23555a\a.go
DELETED FILE:2022/12/23 13:31:26 \temp\gomisc\misc\cgo\test\testdata\issue23555b\a.go
DELETED FILE:2022/12/23 13:31:26 \temp\gomisc\misc\cgo\test\testdata\issue24161_darwin_test.go
DELETED FILE:2022/12/23 13:31:26 \temp\gomisc\misc\cgo\test\testdata\issue24161arg\def.go
DELETED FILE:2022/12/23 13:31:26 \temp\gomisc\misc\cgo\test\testdata\issue24161arg\use.go
DELETED FILE:2022/12/23 13:31:26 \temp\gomisc\misc\cgo\test\testdata\issue24161e0\main.go
DELETED FILE:2022/12/23 13:31:26 \temp\gomisc\misc\cgo\test\testdata\issue24161e1\main.go
DELETED FILE:2022/12/23 13:31:26 \temp\gomisc\misc\cgo\test\testdata\issue24161e2\main.go
DELETED FILE:2022/12/23 13:31:26 \temp\gomisc\misc\cgo\test\testdata\issue24161res\restype.go
DELETED FILE:2022/12/23 13:31:26 \temp\gomisc\misc\cgo\test\testdata\issue26213\test26213.go
DELETED FILE:2022/12/23 13:31:26 \temp\gomisc\misc\cgo\test\testdata\issue26430\a.go
DELETED FILE:2022/12/23 13:31:26 \temp\gomisc\misc\cgo\test\testdata\issue26430\b.go
DELETED FILE:2022/12/23 13:31:26 \temp\gomisc\misc\cgo\test\testdata\issue26430.go
DELETED FILE:2022/12/23 13:31:26 \temp\gomisc\misc\cgo\test\testdata\issue26743\a.go
DELETED FILE:2022/12/23 13:31:26 \temp\gomisc\misc\cgo\test\testdata\issue26743\b.go
DELETED FILE:2022/12/23 13:31:26 \temp\gomisc\misc\cgo\test\testdata\issue26743.go
DELETED FILE:2022/12/23 13:31:26 \temp\gomisc\misc\cgo\test\testdata\issue27054\test27054.go
DELETED FILE:2022/12/23 13:31:26 \temp\gomisc\misc\cgo\test\testdata\issue27340\a.go
DELETED FILE:2022/12/23 13:31:26 \temp\gomisc\misc\cgo\test\testdata\issue27340.go
DELETED FILE:2022/12/23 13:31:26 \temp\gomisc\misc\cgo\test\testdata\issue29563\weak.go
DELETED FILE:2022/12/23 13:31:26 \temp\gomisc\misc\cgo\test\testdata\issue29563.go
DELETED FILE:2022/12/23 13:31:26 \temp\gomisc\misc\cgo\test\testdata\issue30527\a.go
DELETED FILE:2022/12/23 13:31:26 \temp\gomisc\misc\cgo\test\testdata\issue30527\b.go
DELETED FILE:2022/12/23 13:31:26 \temp\gomisc\misc\cgo\test\testdata\issue30527.go
DELETED FILE:2022/12/23 13:31:26 \temp\gomisc\misc\cgo\test\testdata\issue41761.go
DELETED FILE:2022/12/23 13:31:26 \temp\gomisc\misc\cgo\test\testdata\issue41761a\a.go
DELETED FILE:2022/12/23 13:31:26 \temp\gomisc\misc\cgo\test\testdata\issue8756\issue8756.go
DELETED FILE:2022/12/23 13:31:26 \temp\gomisc\misc\cgo\test\testdata\issue8756.go
DELETED FILE:2022/12/23 13:31:26 \temp\gomisc\misc\cgo\test\testdata\issue8828\trivial.go
DELETED FILE:2022/12/23 13:31:26 \temp\gomisc\misc\cgo\test\testdata\issue8828.go
DELETED FILE:2022/12/23 13:31:26 \temp\gomisc\misc\cgo\test\testdata\issue9026\issue9026.go
DELETED FILE:2022/12/23 13:31:26 \temp\gomisc\misc\cgo\test\testdata\issue9026.go
DELETED FILE:2022/12/23 13:31:26 \temp\gomisc\misc\cgo\test\testdata\issue9400\gccgo.go
DELETED FILE:2022/12/23 13:31:26 \temp\gomisc\misc\cgo\test\testdata\issue9400\stubs.go
DELETED FILE:2022/12/23 13:31:26 \temp\gomisc\misc\cgo\test\testdata\issue9400_linux.go
DELETED FILE:2022/12/23 13:31:26 \temp\gomisc\misc\cgo\test\testdata\issue9510.go
DELETED FILE:2022/12/23 13:31:26 \temp\gomisc\misc\cgo\test\testdata\issue9510a\a.go
DELETED FILE:2022/12/23 13:31:26 \temp\gomisc\misc\cgo\test\testdata\issue9510b\b.go
DELETED FILE:2022/12/23 13:31:26 \temp\gomisc\misc\cgo\test\testdata\test26213.go
DELETED FILE:2022/12/23 13:31:26 \temp\gomisc\misc\cgo\test\testx.go
DELETED FILE:2022/12/23 13:31:26 \temp\gomisc\misc\cgo\testasan\main.go
DELETED FILE:2022/12/23 13:31:26 \temp\gomisc\misc\cgo\testcarchive\carchive_test.go
DELETED FILE:2022/12/23 13:31:26 \temp\gomisc\misc\cgo\testcarchive\overlaydir_test.go
DELETED FILE:2022/12/23 13:31:26 \temp\gomisc\misc\cgo\testcarchive\testdata\libgo\libgo.go
DELETED FILE:2022/12/23 13:31:26 \temp\gomisc\misc\cgo\testcarchive\testdata\libgo2\libgo2.go
DELETED FILE:2022/12/23 13:31:26 \temp\gomisc\misc\cgo\testcarchive\testdata\libgo3\libgo3.go
DELETED FILE:2022/12/23 13:31:26 \temp\gomisc\misc\cgo\testcarchive\testdata\libgo4\libgo4.go
DELETED FILE:2022/12/23 13:31:26 \temp\gomisc\misc\cgo\testcarchive\testdata\libgo6\sigprof.go
DELETED FILE:2022/12/23 13:31:26 \temp\gomisc\misc\cgo\testcarchive\testdata\libgo7\sink.go
DELETED FILE:2022/12/23 13:31:26 \temp\gomisc\misc\cgo\testcarchive\testdata\p\p.go
DELETED FILE:2022/12/23 13:31:26 \temp\gomisc\misc\cgo\testcshared\cshared_test.go
DELETED FILE:2022/12/23 13:31:26 \temp\gomisc\misc\cgo\testcshared\overlaydir_test.go
DELETED FILE:2022/12/23 13:31:26 \temp\gomisc\misc\cgo\testcshared\testdata\go2c2go\go\shlib.go
DELETED FILE:2022/12/23 13:31:26 \temp\gomisc\misc\cgo\testcshared\testdata\go2c2go\m1\main.go
DELETED FILE:2022/12/23 13:31:26 \temp\gomisc\misc\cgo\testcshared\testdata\go2c2go\m2\main.go
DELETED FILE:2022/12/23 13:31:26 \temp\gomisc\misc\cgo\testcshared\testdata\libgo\libgo.go
DELETED FILE:2022/12/23 13:31:26 \temp\gomisc\misc\cgo\testcshared\testdata\libgo2\dup2.go
DELETED FILE:2022/12/23 13:31:26 \temp\gomisc\misc\cgo\testcshared\testdata\libgo2\dup3.go
DELETED FILE:2022/12/23 13:31:26 \temp\gomisc\misc\cgo\testcshared\testdata\libgo2\libgo2.go
DELETED FILE:2022/12/23 13:31:26 \temp\gomisc\misc\cgo\testcshared\testdata\libgo4\libgo4.go
DELETED FILE:2022/12/23 13:31:26 \temp\gomisc\misc\cgo\testcshared\testdata\libgo5\libgo5.go
DELETED FILE:2022/12/23 13:31:26 \temp\gomisc\misc\cgo\testcshared\testdata\p\p.go
DELETED FILE:2022/12/23 13:31:26 \temp\gomisc\misc\cgo\testgodefs\testdata\anonunion.go
DELETED FILE:2022/12/23 13:31:26 \temp\gomisc\misc\cgo\testgodefs\testdata\bitfields.go
DELETED FILE:2022/12/23 13:31:26 \temp\gomisc\misc\cgo\testgodefs\testdata\fieldtypedef.go
DELETED FILE:2022/12/23 13:31:26 \temp\gomisc\misc\cgo\testgodefs\testdata\issue37479.go
DELETED FILE:2022/12/23 13:31:26 \temp\gomisc\misc\cgo\testgodefs\testdata\issue37621.go
DELETED FILE:2022/12/23 13:31:26 \temp\gomisc\misc\cgo\testgodefs\testdata\issue38649.go
DELETED FILE:2022/12/23 13:31:26 \temp\gomisc\misc\cgo\testgodefs\testdata\issue39534.go
DELETED FILE:2022/12/23 13:31:26 \temp\gomisc\misc\cgo\testgodefs\testdata\issue8478.go
DELETED FILE:2022/12/23 13:31:26 \temp\gomisc\misc\cgo\testgodefs\testdata\main.go
DELETED FILE:2022/12/23 13:31:26 \temp\gomisc\misc\cgo\testgodefs\testgodefs_test.go
DELETED FILE:2022/12/23 13:31:26 \temp\gomisc\misc\cgo\testplugin\altpath\testdata\common\common.go
DELETED FILE:2022/12/23 13:31:26 \temp\gomisc\misc\cgo\testplugin\altpath\testdata\plugin-mismatch\main.go
DELETED FILE:2022/12/23 13:31:26 \temp\gomisc\misc\cgo\testplugin\overlaydir_test.go
DELETED FILE:2022/12/23 13:31:26 \temp\gomisc\misc\cgo\testplugin\plugin_test.go
DELETED FILE:2022/12/23 13:31:26 \temp\gomisc\misc\cgo\testplugin\testdata\checkdwarf\main.go
DELETED FILE:2022/12/23 13:31:26 \temp\gomisc\misc\cgo\testplugin\testdata\common\common.go
DELETED FILE:2022/12/23 13:31:26 \temp\gomisc\misc\cgo\testplugin\testdata\host\host.go
DELETED FILE:2022/12/23 13:31:26 \temp\gomisc\misc\cgo\testplugin\testdata\iface\main.go
DELETED FILE:2022/12/23 13:31:26 \temp\gomisc\misc\cgo\testplugin\testdata\iface_a\a.go
DELETED FILE:2022/12/23 13:31:26 \temp\gomisc\misc\cgo\testplugin\testdata\iface_b\b.go
DELETED FILE:2022/12/23 13:31:26 \temp\gomisc\misc\cgo\testplugin\testdata\iface_i\i.go
DELETED FILE:2022/12/23 13:31:26 \temp\gomisc\misc\cgo\testplugin\testdata\issue18584\main.go
DELETED FILE:2022/12/23 13:31:26 \temp\gomisc\misc\cgo\testplugin\testdata\issue18584\plugin.go
DELETED FILE:2022/12/23 13:31:26 \temp\gomisc\misc\cgo\testplugin\testdata\issue18676\dynamodbstreamsevt\definition.go
DELETED FILE:2022/12/23 13:31:26 \temp\gomisc\misc\cgo\testplugin\testdata\issue18676\main.go
DELETED FILE:2022/12/23 13:31:26 \temp\gomisc\misc\cgo\testplugin\testdata\issue18676\plugin.go
DELETED FILE:2022/12/23 13:31:26 \temp\gomisc\misc\cgo\testplugin\testdata\issue19418\main.go
DELETED FILE:2022/12/23 13:31:26 \temp\gomisc\misc\cgo\testplugin\testdata\issue19418\plugin.go
DELETED FILE:2022/12/23 13:31:26 \temp\gomisc\misc\cgo\testplugin\testdata\issue19529\plugin.go
DELETED FILE:2022/12/23 13:31:26 \temp\gomisc\misc\cgo\testplugin\testdata\issue19534\main.go
DELETED FILE:2022/12/23 13:31:26 \temp\gomisc\misc\cgo\testplugin\testdata\issue19534\plugin.go
DELETED FILE:2022/12/23 13:31:26 \temp\gomisc\misc\cgo\testplugin\testdata\issue22175\main.go
DELETED FILE:2022/12/23 13:31:26 \temp\gomisc\misc\cgo\testplugin\testdata\issue22175\plugin1.go
DELETED FILE:2022/12/23 13:31:26 \temp\gomisc\misc\cgo\testplugin\testdata\issue22175\plugin2.go
DELETED FILE:2022/12/23 13:31:26 \temp\gomisc\misc\cgo\testplugin\testdata\issue22295.pkg\main.go
DELETED FILE:2022/12/23 13:31:26 \temp\gomisc\misc\cgo\testplugin\testdata\issue22295.pkg\plugin.go
DELETED FILE:2022/12/23 13:31:26 \temp\gomisc\misc\cgo\testplugin\testdata\issue24351\main.go
DELETED FILE:2022/12/23 13:31:26 \temp\gomisc\misc\cgo\testplugin\testdata\issue24351\plugin.go
DELETED FILE:2022/12/23 13:31:26 \temp\gomisc\misc\cgo\testplugin\testdata\issue25756\main.go
DELETED FILE:2022/12/23 13:31:26 \temp\gomisc\misc\cgo\testplugin\testdata\issue25756\plugin\life.go
DELETED FILE:2022/12/23 13:31:26 \temp\gomisc\misc\cgo\testplugin\testdata\issue44956\base\base.go
DELETED FILE:2022/12/23 13:31:26 \temp\gomisc\misc\cgo\testplugin\testdata\issue44956\main.go
DELETED FILE:2022/12/23 13:31:26 \temp\gomisc\misc\cgo\testplugin\testdata\issue44956\plugin1.go
DELETED FILE:2022/12/23 13:31:26 \temp\gomisc\misc\cgo\testplugin\testdata\issue44956\plugin2.go
DELETED FILE:2022/12/23 13:31:26 \temp\gomisc\misc\cgo\testplugin\testdata\method\main.go
DELETED FILE:2022/12/23 13:31:26 \temp\gomisc\misc\cgo\testplugin\testdata\method\plugin.go
DELETED FILE:2022/12/23 13:31:26 \temp\gomisc\misc\cgo\testplugin\testdata\method2\main.go
DELETED FILE:2022/12/23 13:31:26 \temp\gomisc\misc\cgo\testplugin\testdata\method2\p\p.go
DELETED FILE:2022/12/23 13:31:26 \temp\gomisc\misc\cgo\testplugin\testdata\method2\plugin.go
DELETED FILE:2022/12/23 13:31:26 \temp\gomisc\misc\cgo\testplugin\testdata\plugin1\plugin1.go
DELETED FILE:2022/12/23 13:31:26 \temp\gomisc\misc\cgo\testplugin\testdata\plugin2\plugin2.go
DELETED FILE:2022/12/23 13:31:26 \temp\gomisc\misc\cgo\testplugin\testdata\sub\plugin1\plugin1.go
DELETED FILE:2022/12/23 13:31:26 \temp\gomisc\misc\cgo\testplugin\testdata\unnamed1\main.go
DELETED FILE:2022/12/23 13:31:26 \temp\gomisc\misc\cgo\testplugin\testdata\unnamed2\main.go
DELETED FILE:2022/12/23 13:31:26 \temp\gomisc\misc\cgo\testsanitizers\cc_test.go
DELETED FILE:2022/12/23 13:31:26 \temp\gomisc\misc\cgo\testsanitizers\cshared_test.go
DELETED FILE:2022/12/23 13:31:26 \temp\gomisc\misc\cgo\testsanitizers\msan_test.go
DELETED FILE:2022/12/23 13:31:26 \temp\gomisc\misc\cgo\testsanitizers\testdata\msan.go
DELETED FILE:2022/12/23 13:31:26 \temp\gomisc\misc\cgo\testsanitizers\testdata\msan2.go
DELETED FILE:2022/12/23 13:31:26 \temp\gomisc\misc\cgo\testsanitizers\testdata\msan2_cmsan.go
DELETED FILE:2022/12/23 13:31:26 \temp\gomisc\misc\cgo\testsanitizers\testdata\msan3.go
DELETED FILE:2022/12/23 13:31:26 \temp\gomisc\misc\cgo\testsanitizers\testdata\msan4.go
DELETED FILE:2022/12/23 13:31:26 \temp\gomisc\misc\cgo\testsanitizers\testdata\msan5.go
DELETED FILE:2022/12/23 13:31:26 \temp\gomisc\misc\cgo\testsanitizers\testdata\msan6.go
DELETED FILE:2022/12/23 13:31:26 \temp\gomisc\misc\cgo\testsanitizers\testdata\msan7.go
DELETED FILE:2022/12/23 13:31:26 \temp\gomisc\misc\cgo\testsanitizers\testdata\msan8.go
DELETED FILE:2022/12/23 13:31:26 \temp\gomisc\misc\cgo\testsanitizers\testdata\msan_fail.go
DELETED FILE:2022/12/23 13:31:26 \temp\gomisc\misc\cgo\testsanitizers\testdata\msan_shared.go
DELETED FILE:2022/12/23 13:31:26 \temp\gomisc\misc\cgo\testsanitizers\testdata\tsan.go
DELETED FILE:2022/12/23 13:31:26 \temp\gomisc\misc\cgo\testsanitizers\testdata\tsan10.go
DELETED FILE:2022/12/23 13:31:26 \temp\gomisc\misc\cgo\testsanitizers\testdata\tsan11.go
DELETED FILE:2022/12/23 13:31:26 \temp\gomisc\misc\cgo\testsanitizers\testdata\tsan12.go
DELETED FILE:2022/12/23 13:31:26 \temp\gomisc\misc\cgo\testsanitizers\testdata\tsan2.go
DELETED FILE:2022/12/23 13:31:26 \temp\gomisc\misc\cgo\testsanitizers\testdata\tsan3.go
DELETED FILE:2022/12/23 13:31:26 \temp\gomisc\misc\cgo\testsanitizers\testdata\tsan4.go
DELETED FILE:2022/12/23 13:31:26 \temp\gomisc\misc\cgo\testsanitizers\testdata\tsan5.go
DELETED FILE:2022/12/23 13:31:26 \temp\gomisc\misc\cgo\testsanitizers\testdata\tsan6.go
DELETED FILE:2022/12/23 13:31:26 \temp\gomisc\misc\cgo\testsanitizers\testdata\tsan7.go
DELETED FILE:2022/12/23 13:31:26 \temp\gomisc\misc\cgo\testsanitizers\testdata\tsan8.go
DELETED FILE:2022/12/23 13:31:26 \temp\gomisc\misc\cgo\testsanitizers\testdata\tsan9.go
DELETED FILE:2022/12/23 13:31:26 \temp\gomisc\misc\cgo\testsanitizers\testdata\tsan_shared.go
DELETED FILE:2022/12/23 13:31:26 \temp\gomisc\misc\cgo\testsanitizers\tsan_test.go
DELETED FILE:2022/12/23 13:31:26 \temp\gomisc\misc\cgo\testshared\overlaydir_test.go
DELETED FILE:2022/12/23 13:31:26 \temp\gomisc\misc\cgo\testshared\shared_test.go
DELETED FILE:2022/12/23 13:31:26 \temp\gomisc\misc\cgo\testshared\testdata\dep2\dep2.go
DELETED FILE:2022/12/23 13:31:26 \temp\gomisc\misc\cgo\testshared\testdata\dep3\dep3.go
DELETED FILE:2022/12/23 13:31:26 \temp\gomisc\misc\cgo\testshared\testdata\depBase\dep.go
DELETED FILE:2022/12/23 13:31:26 \temp\gomisc\misc\cgo\testshared\testdata\depBase\gccgo.go
DELETED FILE:2022/12/23 13:31:26 \temp\gomisc\misc\cgo\testshared\testdata\depBase\stubs.go
DELETED FILE:2022/12/23 13:31:26 \temp\gomisc\misc\cgo\testshared\testdata\division\division.go
DELETED FILE:2022/12/23 13:31:26 \temp\gomisc\misc\cgo\testshared\testdata\exe\exe.go
DELETED FILE:2022/12/23 13:31:26 \temp\gomisc\misc\cgo\testshared\testdata\exe2\exe2.go
DELETED FILE:2022/12/23 13:31:26 \temp\gomisc\misc\cgo\testshared\testdata\exe3\exe3.go
DELETED FILE:2022/12/23 13:31:26 \temp\gomisc\misc\cgo\testshared\testdata\execgo\exe.go
DELETED FILE:2022/12/23 13:31:26 \temp\gomisc\misc\cgo\testshared\testdata\explicit\explicit.go
DELETED FILE:2022/12/23 13:31:26 \temp\gomisc\misc\cgo\testshared\testdata\gcdata\main\main.go
DELETED FILE:2022/12/23 13:31:26 \temp\gomisc\misc\cgo\testshared\testdata\gcdata\p\p.go
DELETED FILE:2022/12/23 13:31:26 \temp\gomisc\misc\cgo\testshared\testdata\global\main.go
DELETED FILE:2022/12/23 13:31:26 \temp\gomisc\misc\cgo\testshared\testdata\globallib\global.go
DELETED FILE:2022/12/23 13:31:26 \temp\gomisc\misc\cgo\testshared\testdata\iface\main.go
DELETED FILE:2022/12/23 13:31:26 \temp\gomisc\misc\cgo\testshared\testdata\iface_a\a.go
DELETED FILE:2022/12/23 13:31:26 \temp\gomisc\misc\cgo\testshared\testdata\iface_b\b.go
DELETED FILE:2022/12/23 13:31:26 \temp\gomisc\misc\cgo\testshared\testdata\iface_i\i.go
DELETED FILE:2022/12/23 13:31:26 \temp\gomisc\misc\cgo\testshared\testdata\implicit\implicit.go
DELETED FILE:2022/12/23 13:31:26 \temp\gomisc\misc\cgo\testshared\testdata\implicitcmd\implicitcmd.go
DELETED FILE:2022/12/23 13:31:26 \temp\gomisc\misc\cgo\testshared\testdata\issue25065\a.go
DELETED FILE:2022/12/23 13:31:26 \temp\gomisc\misc\cgo\testshared\testdata\issue30768\issue30768lib\lib.go
DELETED FILE:2022/12/23 13:31:26 \temp\gomisc\misc\cgo\testshared\testdata\issue30768\x_test.go
DELETED FILE:2022/12/23 13:31:26 \temp\gomisc\misc\cgo\testshared\testdata\issue39777\a\a.go
DELETED FILE:2022/12/23 13:31:26 \temp\gomisc\misc\cgo\testshared\testdata\issue39777\b\b.go
DELETED FILE:2022/12/23 13:31:26 \temp\gomisc\misc\cgo\testshared\testdata\issue44031\a\a.go
DELETED FILE:2022/12/23 13:31:26 \temp\gomisc\misc\cgo\testshared\testdata\issue44031\b\b.go
DELETED FILE:2022/12/23 13:31:26 \temp\gomisc\misc\cgo\testshared\testdata\issue44031\main\main.go
DELETED FILE:2022/12/23 13:31:26 \temp\gomisc\misc\cgo\testshared\testdata\issue47837\a\a.go
DELETED FILE:2022/12/23 13:31:26 \temp\gomisc\misc\cgo\testshared\testdata\issue47837\main\main.go
DELETED FILE:2022/12/23 13:31:26 \temp\gomisc\misc\cgo\testshared\testdata\trivial\trivial.go
DELETED FILE:2022/12/23 13:31:26 \temp\gomisc\misc\cgo\testsigfwd\main.go
DELETED FILE:2022/12/23 13:31:26 \temp\gomisc\misc\cgo\testso\noso_test.go
DELETED FILE:2022/12/23 13:31:26 \temp\gomisc\misc\cgo\testso\overlaydir_test.go
DELETED FILE:2022/12/23 13:31:26 \temp\gomisc\misc\cgo\testso\so_test.go
DELETED FILE:2022/12/23 13:31:26 \temp\gomisc\misc\cgo\testso\testdata\cgoso.go
DELETED FILE:2022/12/23 13:31:26 \temp\gomisc\misc\cgo\testso\testdata\cgoso_unix.go
DELETED FILE:2022/12/23 13:31:26 \temp\gomisc\misc\cgo\testso\testdata\main.go
DELETED FILE:2022/12/23 13:31:26 \temp\gomisc\misc\cgo\testsovar\noso_test.go
DELETED FILE:2022/12/23 13:31:26 \temp\gomisc\misc\cgo\testsovar\overlaydir_test.go
DELETED FILE:2022/12/23 13:31:26 \temp\gomisc\misc\cgo\testsovar\so_test.go
DELETED FILE:2022/12/23 13:31:26 \temp\gomisc\misc\cgo\testsovar\testdata\cgoso.go
DELETED FILE:2022/12/23 13:31:26 \temp\gomisc\misc\cgo\testsovar\testdata\main.go
DELETED FILE:2022/12/23 13:31:26 \temp\gomisc\misc\cgo\testtls\tls.go
DELETED FILE:2022/12/23 13:31:26 \temp\gomisc\misc\cgo\testtls\tls_test.go
DELETED FILE:2022/12/23 13:31:26 \temp\gomisc\misc\ios\detect.go
DELETED FILE:2022/12/23 13:31:26 \temp\gomisc\misc\ios\go_ios_exec.go
DELETED FILE:2022/12/23 13:31:26 \temp\gomisc\misc\linkcheck\linkcheck.go
DELETED FILE:2022/12/23 13:31:26 \temp\gomisc\misc\reboot\experiment_toolid_test.go
DELETED FILE:2022/12/23 13:31:26 \temp\gomisc\misc\reboot\overlaydir_test.go
DELETED FILE:2022/12/23 13:31:26 \temp\gomisc\misc\reboot\reboot_test.go
DELETED FILE:2022/12/23 13:31:26 \temp\gomisc\misc\swig\callback\callback.go
DELETED FILE:2022/12/23 13:31:26 \temp\gomisc\misc\swig\callback\callback_test.go
DELETED FILE:2022/12/23 13:31:26 \temp\gomisc\misc\swig\stdio\file.go
DELETED FILE:2022/12/23 13:31:26 \temp\gomisc\misc\swig\stdio\file_test.go
